#
# A fatal error has been detected by the Java Runtime Environment:
#
#  EXCEPTION_ACCESS_VIOLATION (0xc0000005) at pc=0x000000005f027bf3, pid=4208, tid=4044
#
# JRE version: Java(TM) SE Runtime Environment (8.0_05-b13) (build 1.8.0_05-b13)
# Java VM: Java HotSpot(TM) 64-Bit Server VM (25.5-b02 mixed mode windows-amd64 compressed oops)
# Problematic frame:
# C  [atio6axx.dll+0xe77bf3]
#
# Failed to write core dump. Minidumps are not enabled by default on client versions of Windows
#
# If you would like to submit a bug report, please visit:
#   http://bugreport.sun.com/bugreport/crash.jsp
# The crash happened outside the Java Virtual Machine in native code.
# See problematic frame for where to report the bug.
#

---------------  T H R E A D  ---------------

Current thread (0x000000000025d800):  JavaThread "main" [_thread_in_native, id=4044, stack(0x00000000022a0000,0x00000000023a0000)]

siginfo: ExceptionCode=0xc0000005, reading address 0x00000000000000e0

Registers:
RAX=0x0000000000000000, RBX=0x0000000000000000, RCX=0x0000000000000000, RDX=0x000000005957f068
RSP=0x000000000239ed30, RBP=0x00000000ffffffff, RSI=0x0000000000000000, RDI=0x0000000000000001
R8 =0x0000000000000000, R9 =0x000000000000000c, R10=0x0000000059571fc8, R11=0x0000000000000000
R12=0x0000000000000002, R13=0x000000005e1b0000, R14=0x0000000000000000, R15=0x000000005924db01
RIP=0x000000005f027bf3, EFLAGS=0x0000000000010206

Top of Stack: (sp=0x000000000239ed30)
0x000000000239ed30:   000000000000691f 0000000000000e04
0x000000000239ed40:   000000005924dbf0 0000000000000000
0x000000000239ed50:   000000005924dbf0 0000000000000002
0x000000000239ed60:   0000000059571fc8 0000000000000c04
0x000000000239ed70:   0000000000000003 000000005f034cb3
0x000000000239ed80:   00000000ffffffff 000000005924dbf0
0x000000000239ed90:   0000000000000001 000000005a7cc300
0x000000000239eda0:   000000000239ee10 000000000239edb0
0x000000000239edb0:   0000000000000000 0000040000000000
0x000000000239edc0:   0000000000000000 0000000059571fc8
0x000000000239edd0:   00fc900afee7ffed 000000005924dbf0
0x000000000239ede0:   000000000239ee68 0000000000000000
0x000000000239edf0:   000000000000691f 000000005f036a7a
0x000000000239ee00:   0000000059571fc8 0000000059571fc8
0x000000000239ee10:   000000005924db01 00fc900a00000002
0x000000000239ee20:   0000000000000000 0000000000000000 

Instructions: (pc=0x000000005f027bf3)
0x000000005f027bd3:   48 8d 14 50 49 8d 14 d2 eb 03 48 8b d3 44 8b 4a
0x000000005f027be3:   10 45 85 c9 0f 84 2d 01 00 00 48 8b 02 8b 4a 08
0x000000005f027bf3:   48 8b a8 e0 00 00 00 41 83 f9 01 0f 84 df 00 00
0x000000005f027c03:   00 41 8b c1 c1 e8 02 ff c8 83 f8 0f 0f 87 c5 00 


Register to memory mapping:

RAX=0x0000000000000000 is an unknown value
RBX=0x0000000000000000 is an unknown value
RCX=0x0000000000000000 is an unknown value
RDX=0x000000005957f068 is an unknown value
RSP=0x000000000239ed30 is pointing into the stack for thread: 0x000000000025d800
RBP=0x00000000ffffffff is an unallocated location in the heap
RSI=0x0000000000000000 is an unknown value
RDI=0x0000000000000001 is an unknown value
R8 =0x0000000000000000 is an unknown value
R9 =0x000000000000000c is an unknown value
R10=0x0000000059571fc8 is an unknown value
R11=0x0000000000000000 is an unknown value
R12=0x0000000000000002 is an unknown value
R13=0x000000005e1b0000 is an unknown value
R14=0x0000000000000000 is an unknown value
R15=0x000000005924db01 is an unknown value


Stack: [0x00000000022a0000,0x00000000023a0000],  sp=0x000000000239ed30,  free space=1019k
Native frames: (J=compiled Java code, j=interpreted, Vv=VM code, C=native code)
C  [atio6axx.dll+0xe77bf3]
C  [atio6axx.dll+0xe84cb3]
C  [atio6axx.dll+0xe86a7a]
C  [atio6axx.dll+0xe7824b]
C  [atio6axx.dll+0xe6b6d0]
C  [atio6axx.dll+0x1e6af7]
C  [atio6axx.dll+0x125c95]
C  [atio6axx.dll+0x50acbe]
C  0x000000000268518e

Java frames: (J=compiled Java code, j=interpreted, Vv=VM code)
j  org.lwjgl.opengl.GL11.nglDrawArrays(IIIJ)V+0
j  org.lwjgl.opengl.GL11.glDrawArrays(III)V+20
j  com.base.engine.Mesh.draw()V+31
j  com.base.engine.Game.render()V+4
j  com.base.engine.MainComponent.render()V+7
j  com.base.engine.MainComponent.run()V+142
j  com.base.engine.MainComponent.start()V+9
j  com.base.engine.MainComponent.main([Ljava/lang/String;)V+20
v  ~StubRoutines::call_stub

---------------  P R O C E S S  ---------------

Java Threads: ( => current thread )
  0x00000000564f6000 JavaThread "Service Thread" daemon [_thread_blocked, id=3492, stack(0x0000000058390000,0x0000000058490000)]
  0x000000005649d000 JavaThread "C1 CompilerThread3" daemon [_thread_blocked, id=4580, stack(0x0000000058240000,0x0000000058340000)]
  0x0000000056493000 JavaThread "C2 CompilerThread2" daemon [_thread_blocked, id=1828, stack(0x0000000057fb0000,0x00000000580b0000)]
  0x0000000056488000 JavaThread "C2 CompilerThread1" daemon [_thread_blocked, id=3124, stack(0x0000000057dc0000,0x0000000057ec0000)]
  0x0000000056471000 JavaThread "C2 CompilerThread0" daemon [_thread_blocked, id=5000, stack(0x0000000057b90000,0x0000000057c90000)]
  0x000000005646d000 JavaThread "Attach Listener" daemon [_thread_blocked, id=2232, stack(0x0000000057a80000,0x0000000057b80000)]
  0x000000005646c000 JavaThread "Signal Dispatcher" daemon [_thread_blocked, id=2412, stack(0x0000000057900000,0x0000000057a00000)]
  0x00000000554c4800 JavaThread "Finalizer" daemon [_thread_blocked, id=2788, stack(0x0000000057720000,0x0000000057820000)]
  0x00000000554c1800 JavaThread "Reference Handler" daemon [_thread_blocked, id=1644, stack(0x00000000573f0000,0x00000000574f0000)]
=>0x000000000025d800 JavaThread "main" [_thread_in_native, id=4044, stack(0x00000000022a0000,0x00000000023a0000)]

Other Threads:
  0x000000000206f800 VMThread [stack: 0x0000000057540000,0x0000000057640000] [id=4784]
  0x00000000564ff000 WatcherThread [stack: 0x00000000584f0000,0x00000000585f0000] [id=3816]

VM state:not at safepoint (normal execution)

VM Mutex/Monitor currently owned by a thread: None

Heap:
 PSYoungGen      total 2560K, used 1396K [0x00000000eac00000, 0x00000000eaf00000, 0x0000000100000000)
  eden space 2048K, 44% used [0x00000000eac00000,0x00000000eace5170,0x00000000eae00000)
  from space 512K, 93% used [0x00000000eae80000,0x00000000eaef8020,0x00000000eaf00000)
  to   space 512K, 0% used [0x00000000eae00000,0x00000000eae00000,0x00000000eae80000)
 ParOldGen       total 64000K, used 662K [0x00000000c0400000, 0x00000000c4280000, 0x00000000eac00000)
  object space 64000K, 1% used [0x00000000c0400000,0x00000000c04a5a10,0x00000000c4280000)
 Metaspace       used 4164K, capacity 5610K, committed 5888K, reserved 1056768K
  class space    used 394K, capacity 456K, committed 512K, reserved 1048576K

Card table byte_map: [0x0000000011a30000,0x0000000011c30000] byte_map_base: 0x000000001142e000

Marking Bits: (ParMarkBitMap*) 0x0000000062e113b0
 Begin Bits: [0x0000000012900000, 0x00000000138f0000)
 End Bits:   [0x00000000138f0000, 0x00000000148e0000)

Polling page: 0x0000000000230000

CodeCache: size=245760Kb used=1566Kb max_used=1566Kb free=244193Kb
 bounds [0x0000000002670000, 0x00000000028e0000, 0x0000000011670000]
 total_blobs=611 nmethods=257 adapters=268
 compilation: enabled

Compilation events (10 events):
Event: 0.252 Thread 0x0000000056488000 nmethod 246 0x00000000027f7350 code [0x00000000027f74a0, 0x00000000027f7598]
Event: 0.252 Thread 0x000000005649d000 nmethod 255 0x00000000027f6ad0 code [0x00000000027f6c60, 0x00000000027f7128]
Event: 0.252 Thread 0x000000005649d000  248       3       java.lang.Number::<init> (5 bytes)
Event: 0.252 Thread 0x000000005649d000 nmethod 248 0x00000000027f6710 code [0x00000000027f6860, 0x00000000027f6a10]
Event: 0.252 Thread 0x000000005649d000  249       3       java.lang.Integer::<init> (10 bytes)
Event: 0.252 Thread 0x000000005649d000 nmethod 249 0x00000000027f62d0 code [0x00000000027f6440, 0x00000000027f6630]
Event: 0.254 Thread 0x000000005649d000  256       3       java.lang.String::toCharArray (25 bytes)
Event: 0.254 Thread 0x000000005649d000 nmethod 256 0x00000000027f7710 code [0x00000000027f7880, 0x00000000027f7b08]
Event: 0.254 Thread 0x000000005649d000  257       3       java.util.zip.ZipFile::access$400 (5 bytes)
Event: 0.254 Thread 0x000000005649d000 nmethod 257 0x00000000027f4790 code [0x00000000027f48e0, 0x00000000027f4a10]

GC Heap History (8 events):
Event: 0.054 GC heap before
{Heap before GC invocations=1 (full 0):
 PSYoungGen      total 1024K, used 512K [0x00000000eac00000, 0x00000000ead80000, 0x0000000100000000)
  eden space 512K, 100% used [0x00000000eac00000,0x00000000eac80000,0x00000000eac80000)
  from space 512K, 0% used [0x00000000ead00000,0x00000000ead00000,0x00000000ead80000)
  to   space 512K, 0% used [0x00000000eac80000,0x00000000eac80000,0x00000000ead00000)
 ParOldGen       total 64000K, used 0K [0x00000000c0400000, 0x00000000c4280000, 0x00000000eac00000)
  object space 64000K, 0% used [0x00000000c0400000,0x00000000c0400000,0x00000000c4280000)
 Metaspace       used 2566K, capacity 4490K, committed 4864K, reserved 1056768K
  class space    used 284K, capacity 386K, committed 512K, reserved 1048576K
Event: 0.059 GC heap after
Heap after GC invocations=1 (full 0):
 PSYoungGen      total 1024K, used 496K [0x00000000eac00000, 0x00000000eae00000, 0x0000000100000000)
  eden space 512K, 0% used [0x00000000eac00000,0x00000000eac00000,0x00000000eac80000)
  from space 512K, 96% used [0x00000000eac80000,0x00000000eacfc010,0x00000000ead00000)
  to   space 512K, 0% used [0x00000000ead80000,0x00000000ead80000,0x00000000eae00000)
 ParOldGen       total 64000K, used 8K [0x00000000c0400000, 0x00000000c4280000, 0x00000000eac00000)
  object space 64000K, 0% used [0x00000000c0400000,0x00000000c0402000,0x00000000c4280000)
 Metaspace       used 2566K, capacity 4490K, committed 4864K, reserved 1056768K
  class space    used 284K, capacity 386K, committed 512K, reserved 1048576K
}
Event: 0.072 GC heap before
{Heap before GC invocations=2 (full 0):
 PSYoungGen      total 1024K, used 1007K [0x00000000eac00000, 0x00000000eae00000, 0x0000000100000000)
  eden space 512K, 99% used [0x00000000eac00000,0x00000000eac7fe78,0x00000000eac80000)
  from space 512K, 96% used [0x00000000eac80000,0x00000000eacfc010,0x00000000ead00000)
  to   space 512K, 0% used [0x00000000ead80000,0x00000000ead80000,0x00000000eae00000)
 ParOldGen       total 64000K, used 8K [0x00000000c0400000, 0x00000000c4280000, 0x00000000eac00000)
  object space 64000K, 0% used [0x00000000c0400000,0x00000000c0402000,0x00000000c4280000)
 Metaspace       used 2862K, capacity 4660K, committed 4864K, reserved 1056768K
  class space    used 322K, capacity 424K, committed 512K, reserved 1048576K
Event: 0.073 GC heap after
Heap after GC invocations=2 (full 0):
 PSYoungGen      total 1536K, used 480K [0x00000000eac00000, 0x00000000eae00000, 0x0000000100000000)
  eden space 1024K, 0% used [0x00000000eac00000,0x00000000eac00000,0x00000000ead00000)
  from space 512K, 93% used [0x00000000ead80000,0x00000000eadf8020,0x00000000eae00000)
  to   space 512K, 0% used [0x00000000ead00000,0x00000000ead00000,0x00000000ead80000)
 ParOldGen       total 64000K, used 138K [0x00000000c0400000, 0x00000000c4280000, 0x00000000eac00000)
  object space 64000K, 0% used [0x00000000c0400000,0x00000000c0422ae8,0x00000000c4280000)
 Metaspace       used 2862K, capacity 4660K, committed 4864K, reserved 1056768K
  class space    used 322K, capacity 424K, committed 512K, reserved 1048576K
}
Event: 0.175 GC heap before
{Heap before GC invocations=3 (full 0):
 PSYoungGen      total 1536K, used 1478K [0x00000000eac00000, 0x00000000eae00000, 0x0000000100000000)
  eden space 1024K, 97% used [0x00000000eac00000,0x00000000eacf9bc0,0x00000000ead00000)
  from space 512K, 93% used [0x00000000ead80000,0x00000000eadf8020,0x00000000eae00000)
  to   space 512K, 0% used [0x00000000ead00000,0x00000000ead00000,0x00000000ead80000)
 ParOldGen       total 64000K, used 138K [0x00000000c0400000, 0x00000000c4280000, 0x00000000eac00000)
  object space 64000K, 0% used [0x00000000c0400000,0x00000000c0422ae8,0x00000000c4280000)
 Metaspace       used 3387K, capacity 4852K, committed 5120K, reserved 1056768K
  class space    used 376K, capacity 424K, committed 512K, reserved 1048576K
Event: 0.176 GC heap after
Heap after GC invocations=3 (full 0):
 PSYoungGen      total 1536K, used 511K [0x00000000eac00000, 0x00000000eaf00000, 0x0000000100000000)
  eden space 1024K, 0% used [0x00000000eac00000,0x00000000eac00000,0x00000000ead00000)
  from space 512K, 99% used [0x00000000ead00000,0x00000000ead7fc30,0x00000000ead80000)
  to   space 512K, 0% used [0x00000000eae80000,0x00000000eae80000,0x00000000eaf00000)
 ParOldGen       total 64000K, used 443K [0x00000000c0400000, 0x00000000c4280000, 0x00000000eac00000)
  object space 64000K, 0% used [0x00000000c0400000,0x00000000c046eca8,0x00000000c4280000)
 Metaspace       used 3387K, capacity 4852K, committed 5120K, reserved 1056768K
  class space    used 376K, capacity 424K, committed 512K, reserved 1048576K
}
Event: 0.204 GC heap before
{Heap before GC invocations=4 (full 0):
 PSYoungGen      total 1536K, used 1535K [0x00000000eac00000, 0x00000000eaf00000, 0x0000000100000000)
  eden space 1024K, 100% used [0x00000000eac00000,0x00000000ead00000,0x00000000ead00000)
  from space 512K, 99% used [0x00000000ead00000,0x00000000ead7fc30,0x00000000ead80000)
  to   space 512K, 0% used [0x00000000eae80000,0x00000000eae80000,0x00000000eaf00000)
 ParOldGen       total 64000K, used 443K [0x00000000c0400000, 0x00000000c4280000, 0x00000000eac00000)
  object space 64000K, 0% used [0x00000000c0400000,0x00000000c046eca8,0x00000000c4280000)
 Metaspace       used 4009K, capacity 5482K, committed 5632K, reserved 1056768K
  class space    used 386K, capacity 456K, committed 512K, reserved 1048576K
Event: 0.207 GC heap after
Heap after GC invocations=4 (full 0):
 PSYoungGen      total 2560K, used 480K [0x00000000eac00000, 0x00000000eaf00000, 0x0000000100000000)
  eden space 2048K, 0% used [0x00000000eac00000,0x00000000eac00000,0x00000000eae00000)
  from space 512K, 93% used [0x00000000eae80000,0x00000000eaef8020,0x00000000eaf00000)
  to   space 512K, 0% used [0x00000000eae00000,0x00000000eae00000,0x00000000eae80000)
 ParOldGen       total 64000K, used 662K [0x00000000c0400000, 0x00000000c4280000, 0x00000000eac00000)
  object space 64000K, 1% used [0x00000000c0400000,0x00000000c04a5a10,0x00000000c4280000)
 Metaspace       used 4009K, capacity 5482K, committed 5632K, reserved 1056768K
  class space    used 386K, capacity 456K, committed 512K, reserved 1048576K
}

Deoptimization events (0 events):
No events

Internal exceptions (10 events):
Event: 0.247 Thread 0x000000000025d800 Exception <a 'java/security/PrivilegedActionException'> (0x00000000eacab630) thrown at [D:\re\workspace\8-2-build-windows-amd64-cygwin\jdk8u5\2488\hotspot\src\share\vm\prims\jvm.cpp, line 1248]
Event: 0.247 Thread 0x000000000025d800 Exception <a 'java/security/PrivilegedActionException'> (0x00000000eacad278) thrown at [D:\re\workspace\8-2-build-windows-amd64-cygwin\jdk8u5\2488\hotspot\src\share\vm\prims\jvm.cpp, line 1248]
Event: 0.247 Thread 0x000000000025d800 Exception <a 'java/security/PrivilegedActionException'> (0x00000000eacaecc0) thrown at [D:\re\workspace\8-2-build-windows-amd64-cygwin\jdk8u5\2488\hotspot\src\share\vm\prims\jvm.cpp, line 1248]
Event: 0.249 Thread 0x000000000025d800 Exception <a 'java/security/PrivilegedActionException'> (0x00000000eacb5218) thrown at [D:\re\workspace\8-2-build-windows-amd64-cygwin\jdk8u5\2488\hotspot\src\share\vm\prims\jvm.cpp, line 1248]
Event: 0.249 Thread 0x000000000025d800 Exception <a 'java/security/PrivilegedActionException'> (0x00000000eacbb448) thrown at [D:\re\workspace\8-2-build-windows-amd64-cygwin\jdk8u5\2488\hotspot\src\share\vm\prims\jvm.cpp, line 1248]
Event: 0.249 Thread 0x000000000025d800 Exception <a 'java/security/PrivilegedActionException'> (0x00000000eacbd668) thrown at [D:\re\workspace\8-2-build-windows-amd64-cygwin\jdk8u5\2488\hotspot\src\share\vm\prims\jvm.cpp, line 1248]
Event: 0.250 Thread 0x000000000025d800 Exception <a 'java/security/PrivilegedActionException'> (0x00000000eacbf160) thrown at [D:\re\workspace\8-2-build-windows-amd64-cygwin\jdk8u5\2488\hotspot\src\share\vm\prims\jvm.cpp, line 1248]
Event: 0.251 Thread 0x000000000025d800 Exception <a 'java/security/PrivilegedActionException'> (0x00000000eacc05a8) thrown at [D:\re\workspace\8-2-build-windows-amd64-cygwin\jdk8u5\2488\hotspot\src\share\vm\prims\jvm.cpp, line 1248]
Event: 0.252 Thread 0x000000000025d800 Exception <a 'java/security/PrivilegedActionException'> (0x00000000eacc5ea8) thrown at [D:\re\workspace\8-2-build-windows-amd64-cygwin\jdk8u5\2488\hotspot\src\share\vm\prims\jvm.cpp, line 1248]
Event: 0.254 Thread 0x000000000025d800 Exception <a 'java/security/PrivilegedActionException'> (0x00000000eaccad40) thrown at [D:\re\workspace\8-2-build-windows-amd64-cygwin\jdk8u5\2488\hotspot\src\share\vm\prims\jvm.cpp, line 1248]

Events (10 events):
Event: 0.249 loading class com/base/engine/Util
Event: 0.249 loading class com/base/engine/Util done
Event: 0.250 loading class com/base/engine/Time
Event: 0.250 loading class com/base/engine/Time done
Event: 0.251 loading class com/base/engine/Input
Event: 0.251 loading class com/base/engine/Input done
Event: 0.252 loading class org/lwjgl/opengl/GL20
Event: 0.252 loading class org/lwjgl/opengl/GL20 done
Event: 0.253 loading class org/lwjgl/opengl/GLChecks
Event: 0.253 loading class org/lwjgl/opengl/GLChecks done


Dynamic libraries:
0x000000013f4e0000 - 0x000000013f514000 	D:\Windows_installed\Java\jre8\bin\javaw.exe
0x00000000770a0000 - 0x0000000077249000 	C:\Windows\SYSTEM32\ntdll.dll
0x0000000076e80000 - 0x0000000076f9f000 	C:\Windows\system32\kernel32.dll
0x000007fefd180000 - 0x000007fefd1eb000 	C:\Windows\system32\KERNELBASE.dll
0x000007fefd3c0000 - 0x000007fefd49b000 	C:\Windows\system32\ADVAPI32.dll
0x000007fefeb10000 - 0x000007fefebaf000 	C:\Windows\system32\msvcrt.dll
0x000007feff340000 - 0x000007feff35f000 	C:\Windows\SYSTEM32\sechost.dll
0x000007fefebb0000 - 0x000007fefecdd000 	C:\Windows\system32\RPCRT4.dll
0x0000000076fa0000 - 0x000000007709a000 	C:\Windows\system32\USER32.dll
0x000007fefd5e0000 - 0x000007fefd647000 	C:\Windows\system32\GDI32.dll
0x000007feff330000 - 0x000007feff33e000 	C:\Windows\system32\LPK.dll
0x000007feff260000 - 0x000007feff329000 	C:\Windows\system32\USP10.dll
0x000007fefb690000 - 0x000007fefb884000 	C:\Windows\WinSxS\amd64_microsoft.windows.common-controls_6595b64144ccf1df_6.0.7601.17514_none_fa396087175ac9ac\COMCTL32.dll
0x000007fefd930000 - 0x000007fefd9a1000 	C:\Windows\system32\SHLWAPI.dll
0x000007feff230000 - 0x000007feff25e000 	C:\Windows\system32\IMM32.DLL
0x000007fefd9b0000 - 0x000007fefdab9000 	C:\Windows\system32\MSCTF.dll
0x00000000656c0000 - 0x0000000065792000 	D:\Windows_installed\Java\jre8\bin\msvcr100.dll
0x0000000062660000 - 0x0000000062e8a000 	D:\Windows_installed\Java\jre8\bin\server\jvm.dll
0x000007fee83b0000 - 0x000007fee83b9000 	C:\Windows\system32\WSOCK32.dll
0x000007feff360000 - 0x000007feff3ad000 	C:\Windows\system32\WS2_32.dll
0x000007fefd4a0000 - 0x000007fefd4a8000 	C:\Windows\system32\NSI.dll
0x000007fefa290000 - 0x000007fefa2cb000 	C:\Windows\system32\WINMM.dll
0x0000000077270000 - 0x0000000077277000 	C:\Windows\system32\PSAPI.DLL
0x00000000746b0000 - 0x00000000746bf000 	D:\Windows_installed\Java\jre8\bin\verify.dll
0x0000000074680000 - 0x00000000746a8000 	D:\Windows_installed\Java\jre8\bin\java.dll
0x0000000074660000 - 0x0000000074676000 	D:\Windows_installed\Java\jre8\bin\zip.dll
0x000007fefdd80000 - 0x000007fefeb08000 	C:\Windows\system32\SHELL32.dll
0x000007fefede0000 - 0x000007fefefe3000 	C:\Windows\system32\ole32.dll
0x000007fefcff0000 - 0x000007fefcfff000 	C:\Windows\system32\profapi.dll
0x0000000180000000 - 0x0000000180051000 	D:\Windows_installed\Java\lwjgl-2.9.1\native\windows\lwjgl64.dll
0x000007fef5a70000 - 0x000007fef5b8d000 	C:\Windows\system32\OPENGL32.dll
0x000007fef6990000 - 0x000007fef69bd000 	C:\Windows\system32\GLU32.dll
0x000007fef5970000 - 0x000007fef5a61000 	C:\Windows\system32\DDRAW.dll
0x000007fef6980000 - 0x000007fef6988000 	C:\Windows\system32\DCIMAN32.dll
0x000007fefdac0000 - 0x000007fefdc97000 	C:\Windows\system32\SETUPAPI.dll
0x000007fefd140000 - 0x000007fefd176000 	C:\Windows\system32\CFGMGR32.dll
0x000007fefdca0000 - 0x000007fefdd77000 	C:\Windows\system32\OLEAUT32.dll
0x000007fefd230000 - 0x000007fefd24a000 	C:\Windows\system32\DEVOBJ.dll
0x000007fef9d10000 - 0x000007fef9d28000 	C:\Windows\system32\dwmapi.dll
0x000007fefc130000 - 0x000007fefc13c000 	C:\Windows\system32\VERSION.dll
0x000007fefa5f0000 - 0x000007fefa646000 	C:\Windows\system32\uxtheme.dll
0x000007fef9290000 - 0x000007fef92a8000 	C:\Windows\system32\atig6pxx.dll
0x000000005e1b0000 - 0x000000005fcf0000 	C:\Windows\system32\atio6axx.dll
0x000007fef8d40000 - 0x000007fef8e6f000 	C:\Windows\system32\atiadlxx.dll
0x000007fefbcd0000 - 0x000007fefbdfc000 	C:\Windows\system32\PROPSYS.dll
0x000007fefc330000 - 0x000007fefc34e000 	C:\Windows\system32\USERENV.dll
0x000007fefc140000 - 0x000007fefc151000 	C:\Windows\system32\WTSAPI32.dll
0x000007fefb5c0000 - 0x000007fefb5e7000 	C:\Windows\system32\IPHLPAPI.DLL
0x000007fefb5b0000 - 0x000007fefb5bb000 	C:\Windows\system32\WINNSI.DLL
0x000007fefd1f0000 - 0x000007fefd22a000 	C:\Windows\system32\WINTRUST.dll
0x000007fefd250000 - 0x000007fefd3b7000 	C:\Windows\system32\CRYPT32.dll
0x000007fefd090000 - 0x000007fefd09f000 	C:\Windows\system32\MSASN1.dll
0x000007fee8d90000 - 0x000007fee8db9000 	C:\Windows\system32\atig6txx.dll
0x000007fefcf20000 - 0x000007fefcf2f000 	C:\Windows\system32\CRYPTBASE.dll
0x000007fee6060000 - 0x000007fee60fc000 	C:\Windows\system32\mscms.dll
0x000007fee6010000 - 0x000007fee6052000 	C:\Windows\system32\icm32.dll
0x000007fee3970000 - 0x000007fee3a95000 	C:\Windows\system32\dbghelp.dll

VM Arguments:
jvm_args: -Djava.library.path=D:\Windows_installed\Java\lwjgl-2.9.1\native\windows -Dfile.encoding=Cp1250 
java_command: com.base.engine.MainComponent
java_class_path (initial): D:\projects\EclipseWorkspace\Engine\bin;D:\Windows_installed\Java\slick-util\lib\lwjgl.jar;D:\Windows_installed\Java\slick-util\lib\slick-util.jar
Launcher Type: SUN_STANDARD

Environment Variables:
PATH=D:/Windows_installed/Java/bin/client;D:/Windows_installed/Java/bin;D:/Windows_installed/Java/lib/i386;C:\Windows\system32;C:\Windows;C:\Windows\System32\Wbem;C:\Windows\System32\WindowsPowerShell\v1.0\;C:\Program Files (x86)\ATI Technologies\ATI.ACE\Core-Static;D:\Windows_installed\Java\jdk8u564\bin;D:\Windows_installed\WinSCP\;D:\Windows_installed\Eclipse;
USERNAME=TC4001BP
OS=Windows_NT
PROCESSOR_IDENTIFIER=Intel64 Family 6 Model 42 Stepping 7, GenuineIntel



---------------  S Y S T E M  ---------------

OS: Windows 7 , 64 bit Build 7601 Service Pack 1

CPU:total 8 (4 cores per cpu, 2 threads per core) family 6 model 42 stepping 7, cmov, cx8, fxsr, mmx, sse, sse2, sse3, ssse3, sse4.1, sse4.2, popcnt, avx, aes, clmul, ht, tsc, tscinvbit

Memory: 4k page, physical 4176576k(1969236k free), swap 8351308k(5479916k free)

vm_info: Java HotSpot(TM) 64-Bit Server VM (25.5-b02) for windows-amd64 JRE (1.8.0_05-b13), built on Mar 18 2014 01:08:39 by "java_re" with MS VC++ 10.0 (VS2010)

time: Fri Jul 11 15:57:31 2014
elapsed time: 0 seconds

