#
# A fatal error has been detected by the Java Runtime Environment:
#
#  EXCEPTION_ACCESS_VIOLATION (0xc0000005) at pc=0x0000000061997bf3, pid=4856, tid=4008
#
# JRE version: Java(TM) SE Runtime Environment (8.0_05-b13) (build 1.8.0_05-b13)
# Java VM: Java HotSpot(TM) 64-Bit Server VM (25.5-b02 mixed mode windows-amd64 compressed oops)
# Problematic frame:
# C  [atio6axx.dll+0xe77bf3]
#
# Failed to write core dump. Minidumps are not enabled by default on client versions of Windows
#
# If you would like to submit a bug report, please visit:
#   http://bugreport.sun.com/bugreport/crash.jsp
# The crash happened outside the Java Virtual Machine in native code.
# See problematic frame for where to report the bug.
#

---------------  T H R E A D  ---------------

Current thread (0x000000000207d800):  JavaThread "main" [_thread_in_native, id=4008, stack(0x0000000002350000,0x0000000002450000)]

siginfo: ExceptionCode=0xc0000005, reading address 0x00000000000000e0

Registers:
RAX=0x0000000000000000, RBX=0x0000000000000000, RCX=0x0000000000000000, RDX=0x0000000059882018
RSP=0x000000000244ebf0, RBP=0x00000000ffffffff, RSI=0x0000000000000000, RDI=0x0000000000000001
R8 =0x0000000000000000, R9 =0x000000000000000c, R10=0x0000000059874f78, R11=0x0000000000000000
R12=0x0000000000000002, R13=0x0000000060b20000, R14=0x0000000000000000, R15=0x0000000059559c01
RIP=0x0000000061997bf3, EFLAGS=0x0000000000010206

Top of Stack: (sp=0x000000000244ebf0)
0x000000000244ebf0:   000000000000691f 0000000000000e04
0x000000000244ec00:   0000000059559c70 0000000000000000
0x000000000244ec10:   0000000059559c70 0000000000000002
0x000000000244ec20:   0000000059874f78 0000000000000c04
0x000000000244ec30:   0000000000000003 00000000619a4cb3
0x000000000244ec40:   00000000ffffffff 0000000059559c70
0x000000000244ec50:   0000000000000001 000000005a9d7090
0x000000000244ec60:   000000000244ecd0 000000000244ec70
0x000000000244ec70:   0000000000000000 0000040000000000
0x000000000244ec80:   0000000000000000 0000000059874f78
0x000000000244ec90:   00fc900afee7ffed 0000000059559c70
0x000000000244eca0:   000000000244ed28 0000000000000000
0x000000000244ecb0:   000000000000691f 00000000619a6a7a
0x000000000244ecc0:   0000000059874f78 0000000059874f78
0x000000000244ecd0:   0000000059559c01 00fc900a00000002
0x000000000244ece0:   0000000000000000 0000000000000000 

Instructions: (pc=0x0000000061997bf3)
0x0000000061997bd3:   48 8d 14 50 49 8d 14 d2 eb 03 48 8b d3 44 8b 4a
0x0000000061997be3:   10 45 85 c9 0f 84 2d 01 00 00 48 8b 02 8b 4a 08
0x0000000061997bf3:   48 8b a8 e0 00 00 00 41 83 f9 01 0f 84 df 00 00
0x0000000061997c03:   00 41 8b c1 c1 e8 02 ff c8 83 f8 0f 0f 87 c5 00 


Register to memory mapping:

RAX=0x0000000000000000 is an unknown value
RBX=0x0000000000000000 is an unknown value
RCX=0x0000000000000000 is an unknown value
RDX=0x0000000059882018 is an unknown value
RSP=0x000000000244ebf0 is pointing into the stack for thread: 0x000000000207d800
RBP=0x00000000ffffffff is an unallocated location in the heap
RSI=0x0000000000000000 is an unknown value
RDI=0x0000000000000001 is an unknown value
R8 =0x0000000000000000 is an unknown value
R9 =0x000000000000000c is an unknown value
R10=0x0000000059874f78 is an unknown value
R11=0x0000000000000000 is an unknown value
R12=0x0000000000000002 is an unknown value
R13=0x0000000060b20000 is an unknown value
R14=0x0000000000000000 is an unknown value
R15=0x0000000059559c01 is an unknown value


Stack: [0x0000000002350000,0x0000000002450000],  sp=0x000000000244ebf0,  free space=1018k
Native frames: (J=compiled Java code, j=interpreted, Vv=VM code, C=native code)
C  [atio6axx.dll+0xe77bf3]
C  [atio6axx.dll+0xe84cb3]
C  [atio6axx.dll+0xe86a7a]
C  [atio6axx.dll+0xe7824b]
C  [atio6axx.dll+0xe6b6d0]
C  [atio6axx.dll+0x1e6af7]
C  [atio6axx.dll+0x125c95]
C  [atio6axx.dll+0x50acbe]
C  0x000000000273518e

Java frames: (J=compiled Java code, j=interpreted, Vv=VM code)
j  org.lwjgl.opengl.GL11.nglDrawArrays(IIIJ)V+0
j  org.lwjgl.opengl.GL11.glDrawArrays(III)V+20
j  com.base.engine.Mesh.draw()V+31
j  com.base.engine.Game.render()V+4
j  com.base.engine.MainComponent.render()V+7
j  com.base.engine.MainComponent.run()V+142
j  com.base.engine.MainComponent.start()V+9
j  com.base.engine.MainComponent.main([Ljava/lang/String;)V+20
v  ~StubRoutines::call_stub

---------------  P R O C E S S  ---------------

Java Threads: ( => current thread )
  0x00000000566b3000 JavaThread "Service Thread" daemon [_thread_blocked, id=796, stack(0x0000000058230000,0x0000000058330000)]
  0x0000000056642000 JavaThread "C1 CompilerThread3" daemon [_thread_blocked, id=2576, stack(0x0000000058080000,0x0000000058180000)]
  0x0000000056630000 JavaThread "C2 CompilerThread2" daemon [_thread_blocked, id=3388, stack(0x0000000057eb0000,0x0000000057fb0000)]
  0x0000000056624000 JavaThread "C2 CompilerThread1" daemon [_thread_blocked, id=2816, stack(0x0000000057870000,0x0000000057970000)]
  0x000000005660d800 JavaThread "C2 CompilerThread0" daemon [_thread_blocked, id=3492, stack(0x0000000057db0000,0x0000000057eb0000)]
  0x0000000056609000 JavaThread "Attach Listener" daemon [_thread_blocked, id=3708, stack(0x0000000057cb0000,0x0000000057db0000)]
  0x0000000056608000 JavaThread "Signal Dispatcher" daemon [_thread_blocked, id=3228, stack(0x0000000057b60000,0x0000000057c60000)]
  0x000000000217b800 JavaThread "Finalizer" daemon [_thread_blocked, id=3724, stack(0x0000000057a50000,0x0000000057b50000)]
  0x0000000055664000 JavaThread "Reference Handler" daemon [_thread_blocked, id=4748, stack(0x0000000057770000,0x0000000057870000)]
=>0x000000000207d800 JavaThread "main" [_thread_in_native, id=4008, stack(0x0000000002350000,0x0000000002450000)]

Other Threads:
  0x00000000565c3000 VMThread [stack: 0x00000000575d0000,0x00000000576d0000] [id=4080]
  0x00000000566b4000 WatcherThread [stack: 0x0000000058450000,0x0000000058550000] [id=4596]

VM state:not at safepoint (normal execution)

VM Mutex/Monitor currently owned by a thread: None

Heap:
 PSYoungGen      total 3072K, used 1851K [0x00000000eac00000, 0x00000000eb000000, 0x0000000100000000)
  eden space 2048K, 48% used [0x00000000eac00000,0x00000000eacf6f60,0x00000000eae00000)
  from space 1024K, 84% used [0x00000000eaf00000,0x00000000eafd8020,0x00000000eb000000)
  to   space 1024K, 0% used [0x00000000eae00000,0x00000000eae00000,0x00000000eaf00000)
 ParOldGen       total 64000K, used 664K [0x00000000c0400000, 0x00000000c4280000, 0x00000000eac00000)
  object space 64000K, 1% used [0x00000000c0400000,0x00000000c04a60b0,0x00000000c4280000)
 Metaspace       used 4174K, capacity 5610K, committed 5888K, reserved 1056768K
  class space    used 394K, capacity 456K, committed 512K, reserved 1048576K

Card table byte_map: [0x0000000011ae0000,0x0000000011ce0000] byte_map_base: 0x00000000114de000

Marking Bits: (ParMarkBitMap*) 0x0000000062e113b0
 Begin Bits: [0x0000000012aa0000, 0x0000000013a90000)
 End Bits:   [0x0000000013a90000, 0x0000000014a80000)

Polling page: 0x0000000000120000

CodeCache: size=245760Kb used=1736Kb max_used=1752Kb free=244023Kb
 bounds [0x0000000002720000, 0x0000000002990000, 0x0000000011720000]
 total_blobs=647 nmethods=293 adapters=268
 compilation: enabled

Compilation events (10 events):
Event: 0.699 Thread 0x0000000056642000 nmethod 289 0x00000000028cda90 code [0x00000000028cde20, 0x00000000028cf7d8]
Event: 0.699 Thread 0x0000000056642000  290       3       com.base.engine.Game::update (1 bytes)
Event: 0.699 Thread 0x0000000056642000 nmethod 290 0x00000000028adc90 code [0x00000000028adde0, 0x00000000028adf30]
Event: 0.704 Thread 0x0000000056642000  291       3       java.lang.String::toCharArray (25 bytes)
Event: 0.704 Thread 0x0000000056642000 nmethod 291 0x00000000028d0250 code [0x00000000028d03c0, 0x00000000028d0648]
Event: 0.704 Thread 0x0000000056642000  292       3       java.util.zip.ZipFile::access$400 (5 bytes)
Event: 0.704 Thread 0x0000000056642000 nmethod 292 0x00000000028d0710 code [0x00000000028d0860, 0x00000000028d0990]
Event: 0.704 Thread 0x0000000056642000  293       3       java.util.WeakHashMap::maskNull (12 bytes)
Event: 0.704 Thread 0x0000000056642000 nmethod 293 0x00000000028d0a50 code [0x00000000028d0ba0, 0x00000000028d0d30]
Event: 0.709 Thread 0x0000000056630000 nmethod 284% 0x00000000028d4d50 code [0x00000000028d4fc0, 0x00000000028d6320]

GC Heap History (10 events):
Event: 0.151 GC heap before
{Heap before GC invocations=2 (full 0):
 PSYoungGen      total 1024K, used 1007K [0x00000000eac00000, 0x00000000ead80000, 0x0000000100000000)
  eden space 512K, 99% used [0x00000000eac00000,0x00000000eac7fe78,0x00000000eac80000)
  from space 512K, 96% used [0x00000000eac80000,0x00000000eacfc010,0x00000000ead00000)
  to   space 512K, 0% used [0x00000000ead00000,0x00000000ead00000,0x00000000ead80000)
 ParOldGen       total 64000K, used 8K [0x00000000c0400000, 0x00000000c4280000, 0x00000000eac00000)
  object space 64000K, 0% used [0x00000000c0400000,0x00000000c0402000,0x00000000c4280000)
 Metaspace       used 2862K, capacity 4660K, committed 4864K, reserved 1056768K
  class space    used 322K, capacity 424K, committed 512K, reserved 1048576K
Event: 0.152 GC heap after
Heap after GC invocations=2 (full 0):
 PSYoungGen      total 1024K, used 483K [0x00000000eac00000, 0x00000000ead80000, 0x0000000100000000)
  eden space 512K, 0% used [0x00000000eac00000,0x00000000eac00000,0x00000000eac80000)
  from space 512K, 94% used [0x00000000ead00000,0x00000000ead78d28,0x00000000ead80000)
  to   space 512K, 0% used [0x00000000eac80000,0x00000000eac80000,0x00000000ead00000)
 ParOldGen       total 64000K, used 170K [0x00000000c0400000, 0x00000000c4280000, 0x00000000eac00000)
  object space 64000K, 0% used [0x00000000c0400000,0x00000000c042aae8,0x00000000c4280000)
 Metaspace       used 2862K, capacity 4660K, committed 4864K, reserved 1056768K
  class space    used 322K, capacity 424K, committed 512K, reserved 1048576K
}
Event: 0.399 GC heap before
{Heap before GC invocations=3 (full 0):
 PSYoungGen      total 1024K, used 995K [0x00000000eac00000, 0x00000000ead80000, 0x0000000100000000)
  eden space 512K, 100% used [0x00000000eac00000,0x00000000eac80000,0x00000000eac80000)
  from space 512K, 94% used [0x00000000ead00000,0x00000000ead78d28,0x00000000ead80000)
  to   space 512K, 0% used [0x00000000eac80000,0x00000000eac80000,0x00000000ead00000)
 ParOldGen       total 64000K, used 170K [0x00000000c0400000, 0x00000000c4280000, 0x00000000eac00000)
  object space 64000K, 0% used [0x00000000c0400000,0x00000000c042aae8,0x00000000c4280000)
 Metaspace       used 3224K, capacity 4788K, committed 5120K, reserved 1056768K
  class space    used 355K, capacity 424K, committed 512K, reserved 1048576K
Event: 0.409 GC heap after
Heap after GC invocations=3 (full 0):
 PSYoungGen      total 1024K, used 512K [0x00000000eac00000, 0x00000000eae00000, 0x0000000100000000)
  eden space 512K, 0% used [0x00000000eac00000,0x00000000eac00000,0x00000000eac80000)
  from space 512K, 100% used [0x00000000eac80000,0x00000000ead00000,0x00000000ead00000)
  to   space 512K, 0% used [0x00000000ead80000,0x00000000ead80000,0x00000000eae00000)
 ParOldGen       total 64000K, used 269K [0x00000000c0400000, 0x00000000c4280000, 0x00000000eac00000)
  object space 64000K, 0% used [0x00000000c0400000,0x00000000c04435d0,0x00000000c4280000)
 Metaspace       used 3224K, capacity 4788K, committed 5120K, reserved 1056768K
  class space    used 355K, capacity 424K, committed 512K, reserved 1048576K
}
Event: 0.516 GC heap before
{Heap before GC invocations=4 (full 0):
 PSYoungGen      total 1024K, used 997K [0x00000000eac00000, 0x00000000eae00000, 0x0000000100000000)
  eden space 512K, 94% used [0x00000000eac00000,0x00000000eac79720,0x00000000eac80000)
  from space 512K, 100% used [0x00000000eac80000,0x00000000ead00000,0x00000000ead00000)
  to   space 512K, 0% used [0x00000000ead80000,0x00000000ead80000,0x00000000eae00000)
 ParOldGen       total 64000K, used 269K [0x00000000c0400000, 0x00000000c4280000, 0x00000000eac00000)
  object space 64000K, 0% used [0x00000000c0400000,0x00000000c04435d0,0x00000000c4280000)
 Metaspace       used 3388K, capacity 4852K, committed 5120K, reserved 1056768K
  class space    used 376K, capacity 424K, committed 512K, reserved 1048576K
Event: 0.517 GC heap after
Heap after GC invocations=4 (full 0):
 PSYoungGen      total 1536K, used 511K [0x00000000eac00000, 0x00000000eae00000, 0x0000000100000000)
  eden space 1024K, 0% used [0x00000000eac00000,0x00000000eac00000,0x00000000ead00000)
  from space 512K, 99% used [0x00000000ead80000,0x00000000eadffc30,0x00000000eae00000)
  to   space 512K, 0% used [0x00000000ead00000,0x00000000ead00000,0x00000000ead80000)
 ParOldGen       total 64000K, used 426K [0x00000000c0400000, 0x00000000c4280000, 0x00000000eac00000)
  object space 64000K, 0% used [0x00000000c0400000,0x00000000c046abf8,0x00000000c4280000)
 Metaspace       used 3388K, capacity 4852K, committed 5120K, reserved 1056768K
  class space    used 376K, capacity 424K, committed 512K, reserved 1048576K
}
Event: 0.578 GC heap before
{Heap before GC invocations=5 (full 0):
 PSYoungGen      total 1536K, used 1535K [0x00000000eac00000, 0x00000000eae00000, 0x0000000100000000)
  eden space 1024K, 100% used [0x00000000eac00000,0x00000000ead00000,0x00000000ead00000)
  from space 512K, 99% used [0x00000000ead80000,0x00000000eadffc30,0x00000000eae00000)
  to   space 512K, 0% used [0x00000000ead00000,0x00000000ead00000,0x00000000ead80000)
 ParOldGen       total 64000K, used 426K [0x00000000c0400000, 0x00000000c4280000, 0x00000000eac00000)
  object space 64000K, 0% used [0x00000000c0400000,0x00000000c046abf8,0x00000000c4280000)
 Metaspace       used 4010K, capacity 5482K, committed 5632K, reserved 1056768K
  class space    used 386K, capacity 456K, committed 512K, reserved 1048576K
Event: 0.580 GC heap after
Heap after GC invocations=5 (full 0):
 PSYoungGen      total 1536K, used 480K [0x00000000eac00000, 0x00000000eb000000, 0x0000000100000000)
  eden space 1024K, 0% used [0x00000000eac00000,0x00000000eac00000,0x00000000ead00000)
  from space 512K, 93% used [0x00000000ead00000,0x00000000ead78020,0x00000000ead80000)
  to   space 1024K, 0% used [0x00000000eaf00000,0x00000000eaf00000,0x00000000eb000000)
 ParOldGen       total 64000K, used 656K [0x00000000c0400000, 0x00000000c4280000, 0x00000000eac00000)
  object space 64000K, 1% used [0x00000000c0400000,0x00000000c04a40b0,0x00000000c4280000)
 Metaspace       used 4010K, capacity 5482K, committed 5632K, reserved 1056768K
  class space    used 386K, capacity 456K, committed 512K, reserved 1048576K
}
Event: 0.685 GC heap before
{Heap before GC invocations=6 (full 0):
 PSYoungGen      total 1536K, used 1504K [0x00000000eac00000, 0x00000000eb000000, 0x0000000100000000)
  eden space 1024K, 100% used [0x00000000eac00000,0x00000000ead00000,0x00000000ead00000)
  from space 512K, 93% used [0x00000000ead00000,0x00000000ead78020,0x00000000ead80000)
  to   space 1024K, 0% used [0x00000000eaf00000,0x00000000eaf00000,0x00000000eb000000)
 ParOldGen       total 64000K, used 656K [0x00000000c0400000, 0x00000000c4280000, 0x00000000eac00000)
  object space 64000K, 1% used [0x00000000c0400000,0x00000000c04a40b0,0x00000000c4280000)
 Metaspace       used 4107K, capacity 5546K, committed 5632K, reserved 1056768K
  class space    used 393K, capacity 456K, committed 512K, reserved 1048576K
Event: 0.687 GC heap after
Heap after GC invocations=6 (full 0):
 PSYoungGen      total 3072K, used 864K [0x00000000eac00000, 0x00000000eb000000, 0x0000000100000000)
  eden space 2048K, 0% used [0x00000000eac00000,0x00000000eac00000,0x00000000eae00000)
  from space 1024K, 84% used [0x00000000eaf00000,0x00000000eafd8020,0x00000000eb000000)
  to   space 1024K, 0% used [0x00000000eae00000,0x00000000eae00000,0x00000000eaf00000)
 ParOldGen       total 64000K, used 664K [0x00000000c0400000, 0x00000000c4280000, 0x00000000eac00000)
  object space 64000K, 1% used [0x00000000c0400000,0x00000000c04a60b0,0x00000000c4280000)
 Metaspace       used 4107K, capacity 5546K, committed 5632K, reserved 1056768K
  class space    used 393K, capacity 456K, committed 512K, reserved 1048576K
}

Deoptimization events (0 events):
No events

Internal exceptions (10 events):
Event: 0.622 Thread 0x000000000207d800 Exception <a 'java/security/PrivilegedActionException'> (0x00000000eacaae28) thrown at [D:\re\workspace\8-2-build-windows-amd64-cygwin\jdk8u5\2488\hotspot\src\share\vm\prims\jvm.cpp, line 1248]
Event: 0.622 Thread 0x000000000207d800 Exception <a 'java/security/PrivilegedActionException'> (0x00000000eacaca98) thrown at [D:\re\workspace\8-2-build-windows-amd64-cygwin\jdk8u5\2488\hotspot\src\share\vm\prims\jvm.cpp, line 1248]
Event: 0.622 Thread 0x000000000207d800 Exception <a 'java/security/PrivilegedActionException'> (0x00000000eacae4e0) thrown at [D:\re\workspace\8-2-build-windows-amd64-cygwin\jdk8u5\2488\hotspot\src\share\vm\prims\jvm.cpp, line 1248]
Event: 0.623 Thread 0x000000000207d800 Exception <a 'java/security/PrivilegedActionException'> (0x00000000eacb1878) thrown at [D:\re\workspace\8-2-build-windows-amd64-cygwin\jdk8u5\2488\hotspot\src\share\vm\prims\jvm.cpp, line 1248]
Event: 0.624 Thread 0x000000000207d800 Exception <a 'java/security/PrivilegedActionException'> (0x00000000eacbabb8) thrown at [D:\re\workspace\8-2-build-windows-amd64-cygwin\jdk8u5\2488\hotspot\src\share\vm\prims\jvm.cpp, line 1248]
Event: 0.624 Thread 0x000000000207d800 Exception <a 'java/security/PrivilegedActionException'> (0x00000000eacbce28) thrown at [D:\re\workspace\8-2-build-windows-amd64-cygwin\jdk8u5\2488\hotspot\src\share\vm\prims\jvm.cpp, line 1248]
Event: 0.624 Thread 0x000000000207d800 Exception <a 'java/security/PrivilegedActionException'> (0x00000000eacbe920) thrown at [D:\re\workspace\8-2-build-windows-amd64-cygwin\jdk8u5\2488\hotspot\src\share\vm\prims\jvm.cpp, line 1248]
Event: 0.679 Thread 0x000000000207d800 Exception <a 'java/security/PrivilegedActionException'> (0x00000000eacbfd88) thrown at [D:\re\workspace\8-2-build-windows-amd64-cygwin\jdk8u5\2488\hotspot\src\share\vm\prims\jvm.cpp, line 1248]
Event: 0.700 Thread 0x000000000207d800 Exception <a 'java/security/PrivilegedActionException'> (0x00000000eacd7580) thrown at [D:\re\workspace\8-2-build-windows-amd64-cygwin\jdk8u5\2488\hotspot\src\share\vm\prims\jvm.cpp, line 1248]
Event: 0.704 Thread 0x000000000207d800 Exception <a 'java/security/PrivilegedActionException'> (0x00000000eacda758) thrown at [D:\re\workspace\8-2-build-windows-amd64-cygwin\jdk8u5\2488\hotspot\src\share\vm\prims\jvm.cpp, line 1248]

Events (10 events):
Event: 0.624 loading class com/base/engine/Time
Event: 0.624 loading class com/base/engine/Time done
Event: 0.679 loading class com/base/engine/Input
Event: 0.679 loading class com/base/engine/Input done
Event: 0.685 Executing VM operation: ParallelGCFailedAllocation
Event: 0.687 Executing VM operation: ParallelGCFailedAllocation done
Event: 0.700 loading class org/lwjgl/opengl/GL20
Event: 0.700 loading class org/lwjgl/opengl/GL20 done
Event: 0.704 loading class org/lwjgl/opengl/GLChecks
Event: 0.704 loading class org/lwjgl/opengl/GLChecks done


Dynamic libraries:
0x000000013f7b0000 - 0x000000013f7e4000 	D:\Windows_installed\Java\jre8\bin\javaw.exe
0x00000000770a0000 - 0x0000000077249000 	C:\Windows\SYSTEM32\ntdll.dll
0x0000000076e80000 - 0x0000000076f9f000 	C:\Windows\system32\kernel32.dll
0x000007fefd180000 - 0x000007fefd1eb000 	C:\Windows\system32\KERNELBASE.dll
0x000007fefd3c0000 - 0x000007fefd49b000 	C:\Windows\system32\ADVAPI32.dll
0x000007fefeb10000 - 0x000007fefebaf000 	C:\Windows\system32\msvcrt.dll
0x000007feff340000 - 0x000007feff35f000 	C:\Windows\SYSTEM32\sechost.dll
0x000007fefebb0000 - 0x000007fefecdd000 	C:\Windows\system32\RPCRT4.dll
0x0000000076fa0000 - 0x000000007709a000 	C:\Windows\system32\USER32.dll
0x000007fefd5e0000 - 0x000007fefd647000 	C:\Windows\system32\GDI32.dll
0x000007feff330000 - 0x000007feff33e000 	C:\Windows\system32\LPK.dll
0x000007feff260000 - 0x000007feff329000 	C:\Windows\system32\USP10.dll
0x000007fefb690000 - 0x000007fefb884000 	C:\Windows\WinSxS\amd64_microsoft.windows.common-controls_6595b64144ccf1df_6.0.7601.17514_none_fa396087175ac9ac\COMCTL32.dll
0x000007fefd930000 - 0x000007fefd9a1000 	C:\Windows\system32\SHLWAPI.dll
0x000007feff230000 - 0x000007feff25e000 	C:\Windows\system32\IMM32.DLL
0x000007fefd9b0000 - 0x000007fefdab9000 	C:\Windows\system32\MSCTF.dll
0x00000000656c0000 - 0x0000000065792000 	D:\Windows_installed\Java\jre8\bin\msvcr100.dll
0x0000000062660000 - 0x0000000062e8a000 	D:\Windows_installed\Java\jre8\bin\server\jvm.dll
0x000007fee83b0000 - 0x000007fee83b9000 	C:\Windows\system32\WSOCK32.dll
0x000007feff360000 - 0x000007feff3ad000 	C:\Windows\system32\WS2_32.dll
0x000007fefd4a0000 - 0x000007fefd4a8000 	C:\Windows\system32\NSI.dll
0x000007fefa290000 - 0x000007fefa2cb000 	C:\Windows\system32\WINMM.dll
0x0000000077270000 - 0x0000000077277000 	C:\Windows\system32\PSAPI.DLL
0x00000000746b0000 - 0x00000000746bf000 	D:\Windows_installed\Java\jre8\bin\verify.dll
0x0000000074680000 - 0x00000000746a8000 	D:\Windows_installed\Java\jre8\bin\java.dll
0x0000000074660000 - 0x0000000074676000 	D:\Windows_installed\Java\jre8\bin\zip.dll
0x000007fefdd80000 - 0x000007fefeb08000 	C:\Windows\system32\SHELL32.dll
0x000007fefede0000 - 0x000007fefefe3000 	C:\Windows\system32\ole32.dll
0x000007fefcff0000 - 0x000007fefcfff000 	C:\Windows\system32\profapi.dll
0x0000000180000000 - 0x0000000180051000 	D:\Windows_installed\Java\lwjgl-2.9.1\native\windows\lwjgl64.dll
0x000007fef5a70000 - 0x000007fef5b8d000 	C:\Windows\system32\OPENGL32.dll
0x000007fef6990000 - 0x000007fef69bd000 	C:\Windows\system32\GLU32.dll
0x000007fef5970000 - 0x000007fef5a61000 	C:\Windows\system32\DDRAW.dll
0x000007fef6980000 - 0x000007fef6988000 	C:\Windows\system32\DCIMAN32.dll
0x000007fefdac0000 - 0x000007fefdc97000 	C:\Windows\system32\SETUPAPI.dll
0x000007fefd140000 - 0x000007fefd176000 	C:\Windows\system32\CFGMGR32.dll
0x000007fefdca0000 - 0x000007fefdd77000 	C:\Windows\system32\OLEAUT32.dll
0x000007fefd230000 - 0x000007fefd24a000 	C:\Windows\system32\DEVOBJ.dll
0x000007fef9d10000 - 0x000007fef9d28000 	C:\Windows\system32\dwmapi.dll
0x000007fefc130000 - 0x000007fefc13c000 	C:\Windows\system32\VERSION.dll
0x000007fefa5f0000 - 0x000007fefa646000 	C:\Windows\system32\uxtheme.dll
0x000007fef9330000 - 0x000007fef9348000 	C:\Windows\system32\atig6pxx.dll
0x0000000060b20000 - 0x0000000062660000 	C:\Windows\system32\atio6axx.dll
0x000007fef8d40000 - 0x000007fef8e6f000 	C:\Windows\system32\atiadlxx.dll
0x000007fefbcd0000 - 0x000007fefbdfc000 	C:\Windows\system32\PROPSYS.dll
0x000007fefc330000 - 0x000007fefc34e000 	C:\Windows\system32\USERENV.dll
0x000007fefc140000 - 0x000007fefc151000 	C:\Windows\system32\WTSAPI32.dll
0x000007fefb5c0000 - 0x000007fefb5e7000 	C:\Windows\system32\IPHLPAPI.DLL
0x000007fefb5b0000 - 0x000007fefb5bb000 	C:\Windows\system32\WINNSI.DLL
0x000007fefd1f0000 - 0x000007fefd22a000 	C:\Windows\system32\WINTRUST.dll
0x000007fefd250000 - 0x000007fefd3b7000 	C:\Windows\system32\CRYPT32.dll
0x000007fefd090000 - 0x000007fefd09f000 	C:\Windows\system32\MSASN1.dll
0x000007fee8d90000 - 0x000007fee8db9000 	C:\Windows\system32\atig6txx.dll
0x000007fefcf20000 - 0x000007fefcf2f000 	C:\Windows\system32\CRYPTBASE.dll
0x000007fee5ff0000 - 0x000007fee608c000 	C:\Windows\system32\mscms.dll
0x000007fef9260000 - 0x000007fef92a2000 	C:\Windows\system32\icm32.dll
0x000007fee3970000 - 0x000007fee3a95000 	C:\Windows\system32\dbghelp.dll

VM Arguments:
jvm_args: -Djava.library.path=D:\Windows_installed\Java\lwjgl-2.9.1\native\windows -Dfile.encoding=Cp1250 
java_command: com.base.engine.MainComponent
java_class_path (initial): D:\projects\EclipseWorkspace\Engine\bin;D:\Windows_installed\Java\slick-util\lib\lwjgl.jar;D:\Windows_installed\Java\slick-util\lib\slick-util.jar
Launcher Type: SUN_STANDARD

Environment Variables:
PATH=D:/Windows_installed/Java/bin/client;D:/Windows_installed/Java/bin;D:/Windows_installed/Java/lib/i386;C:\Windows\system32;C:\Windows;C:\Windows\System32\Wbem;C:\Windows\System32\WindowsPowerShell\v1.0\;C:\Program Files (x86)\ATI Technologies\ATI.ACE\Core-Static;D:\Windows_installed\Java\jdk8u564\bin;D:\Windows_installed\WinSCP\;D:\Windows_installed\Eclipse;
USERNAME=TC4001BP
OS=Windows_NT
PROCESSOR_IDENTIFIER=Intel64 Family 6 Model 42 Stepping 7, GenuineIntel



---------------  S Y S T E M  ---------------

OS: Windows 7 , 64 bit Build 7601 Service Pack 1

CPU:total 8 (4 cores per cpu, 2 threads per core) family 6 model 42 stepping 7, cmov, cx8, fxsr, mmx, sse, sse2, sse3, ssse3, sse4.1, sse4.2, popcnt, avx, aes, clmul, ht, tsc, tscinvbit

Memory: 4k page, physical 4176576k(2312912k free), swap 8351308k(5848076k free)

vm_info: Java HotSpot(TM) 64-Bit Server VM (25.5-b02) for windows-amd64 JRE (1.8.0_05-b13), built on Mar 18 2014 01:08:39 by "java_re" with MS VC++ 10.0 (VS2010)

time: Fri Jul 11 15:52:44 2014
elapsed time: 0 seconds

